<?xml version="1.0" encoding="UTF-8"?>
<testsuite xmlns:xsi="http://www.w3.org/2001/XMLSchema-instance" xsi:noNamespaceSchemaLocation="https://maven.apache.org/surefire/maven-surefire-plugin/xsd/surefire-test-report-3.0.xsd" version="3.0" name="com.example.demo.controller.NekoControllerTest" time="0.304" tests="2" errors="0" skipped="0" failures="0">
  <properties>
[...]
</properties>
  <testcase name="postでneko画面に移ってHTTPステータスコード200が返る" classname="com.example.demo.controller.NekoControllerTest" time="0.197">
    <system-out><![CDATA[2022-10-31 10:57:22.116  INFO 14280 --- [           main] .b.t.c.SpringBootTestContextBootstrapper : Neither @ContextConfiguration nor @ContextHierarchy found for test class [com.example.demo.controller.NekoControllerTest], using SpringBootContextLoader
2022-10-31 10:57:22.118  INFO 14280 --- [           main] o.s.t.c.support.AbstractContextLoader    : Could not detect default resource locations for test class [com.example.demo.controller.NekoControllerTest]: no resource found for suffixes {-context.xml, Context.groovy}.
2022-10-31 10:57:22.139  INFO 14280 --- [           main] .b.t.c.SpringBootTestContextBootstrapper : Using TestExecutionListeners: [org.springframework.test.context.support.DependencyInjectionTestExecutionListener@3146f3d7, org.springframework.test.context.support.DirtiesContextTestExecutionListener@4220468, org.springframework.test.context.transaction.TransactionalTestExecutionListener@727e61ed, com.github.springtestdbunit.DbUnitTestExecutionListener@3df681cc]
2022-10-31 10:57:22.215  INFO 14280 --- [           main] o.s.t.c.transaction.TransactionContext   : Began transaction (1) for test context [DefaultTestContext@9c40f43 testClass = NekoControllerTest, testInstance = com.example.demo.controller.NekoControllerTest@6cac0334, testMethod = postでneko画面に移ってHTTPステータスコード200が返る@NekoControllerTest, testException = [null], mergedContextConfiguration = [WebMergedContextConfiguration@6329a5b9 testClass = NekoControllerTest, locations = '{}', classes = '{class com.example.demo.NekoMavenMySqlApplication}', contextInitializerClasses = '[]', activeProfiles = '{}', propertySourceLocations = '{}', propertySourceProperties = '{org.springframework.boot.test.context.SpringBootTestContextBootstrapper=true}', contextCustomizers = set[[ImportsContextCustomizer@6c92a59d key = [org.springframework.boot.test.autoconfigure.web.servlet.MockMvcAutoConfiguration, org.springframework.boot.test.autoconfigure.web.servlet.MockMvcWebClientAutoConfiguration, org.springframework.boot.test.autoconfigure.web.servlet.MockMvcWebDriverAutoConfiguration, org.springframework.boot.autoconfigure.security.oauth2.client.servlet.OAuth2ClientAutoConfiguration, org.springframework.boot.autoconfigure.security.oauth2.resource.servlet.OAuth2ResourceServerAutoConfiguration, org.springframework.boot.autoconfigure.security.servlet.SecurityAutoConfiguration, org.springframework.boot.autoconfigure.security.servlet.SecurityFilterAutoConfiguration, org.springframework.boot.autoconfigure.security.servlet.UserDetailsServiceAutoConfiguration, org.springframework.boot.test.autoconfigure.web.servlet.MockMvcSecurityConfiguration, org.springframework.boot.test.autoconfigure.web.reactive.WebTestClientAutoConfiguration]], org.springframework.boot.test.context.filter.ExcludeFilterContextCustomizer@7f0d96f2, org.springframework.boot.test.json.DuplicateJsonObjectContextCustomizerFactory$DuplicateJsonObjectContextCustomizer@49ff7d8c, org.springframework.boot.test.mock.mockito.MockitoContextCustomizer@0, org.springframework.boot.test.web.client.TestRestTemplateContextCustomizer@38aa816f, org.springframework.boot.test.autoconfigure.actuate.metrics.MetricsExportContextCustomizerFactory$DisableMetricExportContextCustomizer@6f63b475, org.springframework.boot.test.autoconfigure.properties.PropertyMappingContextCustomizer@4b3fa0b3, org.springframework.boot.test.autoconfigure.web.servlet.WebDriverContextCustomizerFactory$Customizer@1b955cac, org.springframework.boot.test.context.SpringBootTestArgs@1, org.springframework.boot.test.context.SpringBootTestWebEnvironment@3eb738bb], resourceBasePath = 'src/main/webapp', contextLoader = 'org.springframework.boot.test.context.SpringBootContextLoader', parent = [null]], attributes = map['org.springframework.test.context.web.ServletTestExecutionListener.activateListener' -> true, 'com.github.springtestdbunit.DbUnitTestExecutionListener.connection' -> com.github.springtestdbunit.DatabaseConnections@4505015b, 'com.github.springtestdbunit.DbUnitTestExecutionListener.databseOperationLookup' -> com.github.springtestdbunit.operation.DefaultDatabaseOperationLookup@49bc1f6c, 'com.github.springtestdbunit.DbUnitTestExecutionListener.dataSetLoader' -> com.github.springtestdbunit.dataset.FlatXmlDataSetLoader@67167f8f]]; transaction manager [org.springframework.orm.jpa.JpaTransactionManager@1e429f56]; rollback [true]
2022-10-31 10:57:22.390  INFO 14280 --- [           main] o.s.t.c.transaction.TransactionContext   : Rolled back transaction for test: [DefaultTestContext@9c40f43 testClass = NekoControllerTest, testInstance = com.example.demo.controller.NekoControllerTest@6cac0334, testMethod = postでneko画面に移ってHTTPステータスコード200が返る@NekoControllerTest, testException = [null], mergedContextConfiguration = [WebMergedContextConfiguration@6329a5b9 testClass = NekoControllerTest, locations = '{}', classes = '{class com.example.demo.NekoMavenMySqlApplication}', contextInitializerClasses = '[]', activeProfiles = '{}', propertySourceLocations = '{}', propertySourceProperties = '{org.springframework.boot.test.context.SpringBootTestContextBootstrapper=true}', contextCustomizers = set[[ImportsContextCustomizer@6c92a59d key = [org.springframework.boot.test.autoconfigure.web.servlet.MockMvcAutoConfiguration, org.springframework.boot.test.autoconfigure.web.servlet.MockMvcWebClientAutoConfiguration, org.springframework.boot.test.autoconfigure.web.servlet.MockMvcWebDriverAutoConfiguration, org.springframework.boot.autoconfigure.security.oauth2.client.servlet.OAuth2ClientAutoConfiguration, org.springframework.boot.autoconfigure.security.oauth2.resource.servlet.OAuth2ResourceServerAutoConfiguration, org.springframework.boot.autoconfigure.security.servlet.SecurityAutoConfiguration, org.springframework.boot.autoconfigure.security.servlet.SecurityFilterAutoConfiguration, org.springframework.boot.autoconfigure.security.servlet.UserDetailsServiceAutoConfiguration, org.springframework.boot.test.autoconfigure.web.servlet.MockMvcSecurityConfiguration, org.springframework.boot.test.autoconfigure.web.reactive.WebTestClientAutoConfiguration]], org.springframework.boot.test.context.filter.ExcludeFilterContextCustomizer@7f0d96f2, org.springframework.boot.test.json.DuplicateJsonObjectContextCustomizerFactory$DuplicateJsonObjectContextCustomizer@49ff7d8c, org.springframework.boot.test.mock.mockito.MockitoContextCustomizer@0, org.springframework.boot.test.web.client.TestRestTemplateContextCustomizer@38aa816f, org.springframework.boot.test.autoconfigure.actuate.metrics.MetricsExportContextCustomizerFactory$DisableMetricExportContextCustomizer@6f63b475, org.springframework.boot.test.autoconfigure.properties.PropertyMappingContextCustomizer@4b3fa0b3, org.springframework.boot.test.autoconfigure.web.servlet.WebDriverContextCustomizerFactory$Customizer@1b955cac, org.springframework.boot.test.context.SpringBootTestArgs@1, org.springframework.boot.test.context.SpringBootTestWebEnvironment@3eb738bb], resourceBasePath = 'src/main/webapp', contextLoader = 'org.springframework.boot.test.context.SpringBootContextLoader', parent = [null]], attributes = map['org.springframework.test.context.web.ServletTestExecutionListener.activateListener' -> true, 'com.github.springtestdbunit.DbUnitTestExecutionListener.connection' -> com.github.springtestdbunit.DatabaseConnections@4505015b, 'com.github.springtestdbunit.DbUnitTestExecutionListener.databseOperationLookup' -> com.github.springtestdbunit.operation.DefaultDatabaseOperationLookup@49bc1f6c, 'com.github.springtestdbunit.DbUnitTestExecutionListener.dataSetLoader' -> com.github.springtestdbunit.dataset.FlatXmlDataSetLoader@67167f8f]]
]]></system-out>
  </testcase>
  <testcase name="getでcalc画面に移ってHTTPステータスコード200が返る" classname="com.example.demo.controller.NekoControllerTest" time="0.022">
    <system-out><![CDATA[2022-10-31 10:57:22.397  INFO 14280 --- [           main] o.s.t.c.transaction.TransactionContext   : Began transaction (1) for test context [DefaultTestContext@9c40f43 testClass = NekoControllerTest, testInstance = com.example.demo.controller.NekoControllerTest@757f47f0, testMethod = getでcalc画面に移ってHTTPステータスコード200が返る@NekoControllerTest, testException = [null], mergedContextConfiguration = [WebMergedContextConfiguration@6329a5b9 testClass = NekoControllerTest, locations = '{}', classes = '{class com.example.demo.NekoMavenMySqlApplication}', contextInitializerClasses = '[]', activeProfiles = '{}', propertySourceLocations = '{}', propertySourceProperties = '{org.springframework.boot.test.context.SpringBootTestContextBootstrapper=true}', contextCustomizers = set[[ImportsContextCustomizer@6c92a59d key = [org.springframework.boot.test.autoconfigure.web.servlet.MockMvcAutoConfiguration, org.springframework.boot.test.autoconfigure.web.servlet.MockMvcWebClientAutoConfiguration, org.springframework.boot.test.autoconfigure.web.servlet.MockMvcWebDriverAutoConfiguration, org.springframework.boot.autoconfigure.security.oauth2.client.servlet.OAuth2ClientAutoConfiguration, org.springframework.boot.autoconfigure.security.oauth2.resource.servlet.OAuth2ResourceServerAutoConfiguration, org.springframework.boot.autoconfigure.security.servlet.SecurityAutoConfiguration, org.springframework.boot.autoconfigure.security.servlet.SecurityFilterAutoConfiguration, org.springframework.boot.autoconfigure.security.servlet.UserDetailsServiceAutoConfiguration, org.springframework.boot.test.autoconfigure.web.servlet.MockMvcSecurityConfiguration, org.springframework.boot.test.autoconfigure.web.reactive.WebTestClientAutoConfiguration]], org.springframework.boot.test.context.filter.ExcludeFilterContextCustomizer@7f0d96f2, org.springframework.boot.test.json.DuplicateJsonObjectContextCustomizerFactory$DuplicateJsonObjectContextCustomizer@49ff7d8c, org.springframework.boot.test.mock.mockito.MockitoContextCustomizer@0, org.springframework.boot.test.web.client.TestRestTemplateContextCustomizer@38aa816f, org.springframework.boot.test.autoconfigure.actuate.metrics.MetricsExportContextCustomizerFactory$DisableMetricExportContextCustomizer@6f63b475, org.springframework.boot.test.autoconfigure.properties.PropertyMappingContextCustomizer@4b3fa0b3, org.springframework.boot.test.autoconfigure.web.servlet.WebDriverContextCustomizerFactory$Customizer@1b955cac, org.springframework.boot.test.context.SpringBootTestArgs@1, org.springframework.boot.test.context.SpringBootTestWebEnvironment@3eb738bb], resourceBasePath = 'src/main/webapp', contextLoader = 'org.springframework.boot.test.context.SpringBootContextLoader', parent = [null]], attributes = map['org.springframework.test.context.web.ServletTestExecutionListener.activateListener' -> true, 'com.github.springtestdbunit.DbUnitTestExecutionListener.connection' -> com.github.springtestdbunit.DatabaseConnections@7ff7e353, 'com.github.springtestdbunit.DbUnitTestExecutionListener.databseOperationLookup' -> com.github.springtestdbunit.operation.DefaultDatabaseOperationLookup@70680f88, 'com.github.springtestdbunit.DbUnitTestExecutionListener.dataSetLoader' -> com.github.springtestdbunit.dataset.FlatXmlDataSetLoader@7f7f544a]]; transaction manager [org.springframework.orm.jpa.JpaTransactionManager@1e429f56]; rollback [true]

MockHttpServletRequest:
      HTTP Method = GET
      Request URI = /neko
       Parameters = {}
          Headers = []
             Body = null
    Session Attrs = {}

Handler:
             Type = com.example.demo.controller.NekoController
           Method = com.example.demo.controller.NekoController#hello(Model)

Async:
    Async started = false
     Async result = null

Resolved Exception:
             Type = null

ModelAndView:
        View name = neko
             View = null
        Attribute = nekoList
            value = [Neko(id=1, name=たま, age=3), Neko(id=2, name=みけ, age=1), Neko(id=3, name=くろ, age=4), Neko(id=4, name=しろ, age=6), Neko(id=5, name=みかげ, age=10), Neko(id=6, name=ねこ, age=5), Neko(id=7, name=はる, age=12), Neko(id=0, name=null, age=0), Neko(id=0, name=null, age=0), Neko(id=0, name=null, age=0), Neko(id=0, name=null, age=0), Neko(id=0, name=null, age=0), Neko(id=0, name=null, age=0), Neko(id=0, name=null, age=0), Neko(id=0, name=null, age=0), Neko(id=0, name=null, age=0), Neko(id=0, name=null, age=0), Neko(id=0, name=null, age=0), Neko(id=0, name=null, age=0), Neko(id=10, name=111, age=22), Neko(id=0, name=null, age=0), Neko(id=0, name=null, age=0)]

FlashMap:
       Attributes = null

MockHttpServletResponse:
           Status = 200
    Error message = null
          Headers = [Content-Language:"en", Content-Type:"text/html;charset=UTF-8"]
     Content type = text/html;charset=UTF-8
             Body = <!DOCTYPE html>
<html xmlns="http://www.w3.org/1999/xhtml">
<head>
<title>にゃー</title>
<meta charset="utf-8" />
<link rel="stylesheet"
	href="https://stackpath.bootstrapcdn.com/bootstrap/4.3.1/css/bootstrap.min.css"
	integrity="sha384-ggOyR0iXCbMQv3Xipma34MD+dH/1fQ784/j6cY/iJTQUOhcWr7x9JvoRxT2MZw1T"
	crossorigin="anonymous" />
</head>
<body>
	<h2>ネコチャン!!</h2>
	<table class="table table-striped">
		<thead>
			<tr>
				<th>#</th>
				<th>名前</th>
				<th>年齢</th>
			</tr>
		</thead>
		<tbody>
			<!-- nekoListの数だけループ -->
			<tr>
				<!-- countは1スタートでカウント可能 -->
				<td>1</td>
				<!-- オブジェクトの値を参照 -->
				<td>たま</td>
				<!-- th:objectで指定した場合は*で参照可能 -->
				<td>3</td>
			</tr>
			<tr>
				<!-- countは1スタートでカウント可能 -->
				<td>2</td>
				<!-- オブジェクトの値を参照 -->
				<td>みけ</td>
				<!-- th:objectで指定した場合は*で参照可能 -->
				<td>1</td>
			</tr>
			<tr>
				<!-- countは1スタートでカウント可能 -->
				<td>3</td>
				<!-- オブジェクトの値を参照 -->
				<td>くろ</td>
				<!-- th:objectで指定した場合は*で参照可能 -->
				<td>4</td>
			</tr>
			<tr>
				<!-- countは1スタートでカウント可能 -->
				<td>4</td>
				<!-- オブジェクトの値を参照 -->
				<td>しろ</td>
				<!-- th:objectで指定した場合は*で参照可能 -->
				<td>6</td>
			</tr>
			<tr>
				<!-- countは1スタートでカウント可能 -->
				<td>5</td>
				<!-- オブジェクトの値を参照 -->
				<td>みかげ</td>
				<!-- th:objectで指定した場合は*で参照可能 -->
				<td>10</td>
			</tr>
			<tr>
				<!-- countは1スタートでカウント可能 -->
				<td>6</td>
				<!-- オブジェクトの値を参照 -->
				<td>ねこ</td>
				<!-- th:objectで指定した場合は*で参照可能 -->
				<td>5</td>
			</tr>
			<tr>
				<!-- countは1スタートでカウント可能 -->
				<td>7</td>
				<!-- オブジェクトの値を参照 -->
				<td>はる</td>
				<!-- th:objectで指定した場合は*で参照可能 -->
				<td>12</td>
			</tr>
			<tr>
				<!-- countは1スタートでカウント可能 -->
				<td>8</td>
				<!-- オブジェクトの値を参照 -->
				<td></td>
				<!-- th:objectで指定した場合は*で参照可能 -->
				<td>0</td>
			</tr>
			<tr>
				<!-- countは1スタートでカウント可能 -->
				<td>9</td>
				<!-- オブジェクトの値を参照 -->
				<td></td>
				<!-- th:objectで指定した場合は*で参照可能 -->
				<td>0</td>
			</tr>
			<tr>
				<!-- countは1スタートでカウント可能 -->
				<td>10</td>
				<!-- オブジェクトの値を参照 -->
				<td></td>
				<!-- th:objectで指定した場合は*で参照可能 -->
				<td>0</td>
			</tr>
			<tr>
				<!-- countは1スタートでカウント可能 -->
				<td>11</td>
				<!-- オブジェクトの値を参照 -->
				<td></td>
				<!-- th:objectで指定した場合は*で参照可能 -->
				<td>0</td>
			</tr>
			<tr>
				<!-- countは1スタートでカウント可能 -->
				<td>12</td>
				<!-- オブジェクトの値を参照 -->
				<td></td>
				<!-- th:objectで指定した場合は*で参照可能 -->
				<td>0</td>
			</tr>
			<tr>
				<!-- countは1スタートでカウント可能 -->
				<td>13</td>
				<!-- オブジェクトの値を参照 -->
				<td></td>
				<!-- th:objectで指定した場合は*で参照可能 -->
				<td>0</td>
			</tr>
			<tr>
				<!-- countは1スタートでカウント可能 -->
				<td>14</td>
				<!-- オブジェクトの値を参照 -->
				<td></td>
				<!-- th:objectで指定した場合は*で参照可能 -->
				<td>0</td>
			</tr>
			<tr>
				<!-- countは1スタートでカウント可能 -->
				<td>15</td>
				<!-- オブジェクトの値を参照 -->
				<td></td>
				<!-- th:objectで指定した場合は*で参照可能 -->
				<td>0</td>
			</tr>
			<tr>
				<!-- countは1スタートでカウント可能 -->
				<td>16</td>
				<!-- オブジェクトの値を参照 -->
				<td></td>
				<!-- th:objectで指定した場合は*で参照可能 -->
				<td>0</td>
			</tr>
			<tr>
				<!-- countは1スタートでカウント可能 -->
				<td>17</td>
				<!-- オブジェクトの値を参照 -->
				<td></td>
				<!-- th:objectで指定した場合は*で参照可能 -->
				<td>0</td>
			</tr>
			<tr>
				<!-- countは1スタートでカウント可能 -->
				<td>18</td>
				<!-- オブジェクトの値を参照 -->
				<td></td>
				<!-- th:objectで指定した場合は*で参照可能 -->
				<td>0</td>
			</tr>
			<tr>
				<!-- countは1スタートでカウント可能 -->
				<td>19</td>
				<!-- オブジェクトの値を参照 -->
				<td></td>
				<!-- th:objectで指定した場合は*で参照可能 -->
				<td>0</td>
			</tr>
			<tr>
				<!-- countは1スタートでカウント可能 -->
				<td>20</td>
				<!-- オブジェクトの値を参照 -->
				<td>111</td>
				<!-- th:objectで指定した場合は*で参照可能 -->
				<td>22</td>
			</tr>
			<tr>
				<!-- countは1スタートでカウント可能 -->
				<td>21</td>
				<!-- オブジェクトの値を参照 -->
				<td></td>
				<!-- th:objectで指定した場合は*で参照可能 -->
				<td>0</td>
			</tr>
			<tr>
				<!-- countは1スタートでカウント可能 -->
				<td>22</td>
				<!-- オブジェクトの値を参照 -->
				<td></td>
				<!-- th:objectで指定した場合は*で参照可能 -->
				<td>0</td>
			</tr>
		</tbody>
	</table>
	<form action="/neko" method="POST">
		<div>登録フォーム</div>
		<input type="text" name="id" placeholder="ID" /> <input type="text"
			name="name" placeholder="名前" /> <input type="text" name="age"
			placeholder="年齢" /> <input type="submit" value="登録" />
	</form>
</body>
</html>
    Forwarded URL = null
   Redirected URL = null
          Cookies = []
2022-10-31 10:57:22.416  INFO 14280 --- [           main] o.s.t.c.transaction.TransactionContext   : Rolled back transaction for test: [DefaultTestContext@9c40f43 testClass = NekoControllerTest, testInstance = com.example.demo.controller.NekoControllerTest@757f47f0, testMethod = getでcalc画面に移ってHTTPステータスコード200が返る@NekoControllerTest, testException = [null], mergedContextConfiguration = [WebMergedContextConfiguration@6329a5b9 testClass = NekoControllerTest, locations = '{}', classes = '{class com.example.demo.NekoMavenMySqlApplication}', contextInitializerClasses = '[]', activeProfiles = '{}', propertySourceLocations = '{}', propertySourceProperties = '{org.springframework.boot.test.context.SpringBootTestContextBootstrapper=true}', contextCustomizers = set[[ImportsContextCustomizer@6c92a59d key = [org.springframework.boot.test.autoconfigure.web.servlet.MockMvcAutoConfiguration, org.springframework.boot.test.autoconfigure.web.servlet.MockMvcWebClientAutoConfiguration, org.springframework.boot.test.autoconfigure.web.servlet.MockMvcWebDriverAutoConfiguration, org.springframework.boot.autoconfigure.security.oauth2.client.servlet.OAuth2ClientAutoConfiguration, org.springframework.boot.autoconfigure.security.oauth2.resource.servlet.OAuth2ResourceServerAutoConfiguration, org.springframework.boot.autoconfigure.security.servlet.SecurityAutoConfiguration, org.springframework.boot.autoconfigure.security.servlet.SecurityFilterAutoConfiguration, org.springframework.boot.autoconfigure.security.servlet.UserDetailsServiceAutoConfiguration, org.springframework.boot.test.autoconfigure.web.servlet.MockMvcSecurityConfiguration, org.springframework.boot.test.autoconfigure.web.reactive.WebTestClientAutoConfiguration]], org.springframework.boot.test.context.filter.ExcludeFilterContextCustomizer@7f0d96f2, org.springframework.boot.test.json.DuplicateJsonObjectContextCustomizerFactory$DuplicateJsonObjectContextCustomizer@49ff7d8c, org.springframework.boot.test.mock.mockito.MockitoContextCustomizer@0, org.springframework.boot.test.web.client.TestRestTemplateContextCustomizer@38aa816f, org.springframework.boot.test.autoconfigure.actuate.metrics.MetricsExportContextCustomizerFactory$DisableMetricExportContextCustomizer@6f63b475, org.springframework.boot.test.autoconfigure.properties.PropertyMappingContextCustomizer@4b3fa0b3, org.springframework.boot.test.autoconfigure.web.servlet.WebDriverContextCustomizerFactory$Customizer@1b955cac, org.springframework.boot.test.context.SpringBootTestArgs@1, org.springframework.boot.test.context.SpringBootTestWebEnvironment@3eb738bb], resourceBasePath = 'src/main/webapp', contextLoader = 'org.springframework.boot.test.context.SpringBootContextLoader', parent = [null]], attributes = map['org.springframework.test.context.web.ServletTestExecutionListener.activateListener' -> true, 'com.github.springtestdbunit.DbUnitTestExecutionListener.connection' -> com.github.springtestdbunit.DatabaseConnections@7ff7e353, 'com.github.springtestdbunit.DbUnitTestExecutionListener.databseOperationLookup' -> com.github.springtestdbunit.operation.DefaultDatabaseOperationLookup@70680f88, 'com.github.springtestdbunit.DbUnitTestExecutionListener.dataSetLoader' -> com.github.springtestdbunit.dataset.FlatXmlDataSetLoader@7f7f544a]]
]]></system-out>
  </testcase>
</testsuite>